[2024-12-08 03:39:57] 환경 변수 설정 완료
[2024-12-08 03:39:57] Azure CLI 로그인 상태 확인 중...
[2024-12-08 03:39:57] ACR pull 권한 확인 중...
[2024-12-08 03:40:01] 공통 리소스 설정 중...
[2024-12-08 03:40:36] Deadletter 컨테이너가 이미 존재합니다
[2024-12-08 03:40:36] Database Secret 생성 중...
[2024-12-08 03:40:37] MongoDB 설정 중...
[2024-12-08 03:40:37] PostgreSQL 설정 중...
[2024-12-08 03:40:37] 데이터베이스 준비 상태 대기 중...
[2024-12-08 03:41:23] 데이터베이스 준비 완료
[2024-12-08 03:41:23] async 서비스 배포 시작...
[2024-12-08 03:42:15] Error: async Deployment 준비 실패 (Exit Code: 1)
[2024-12-08 03:45:39] 환경 변수 설정 완료
[2024-12-08 03:45:39] Azure CLI 로그인 상태 확인 중...
[2024-12-08 03:45:39] ACR pull 권한 확인 중...
[2024-12-08 03:45:42] 공통 리소스 설정 중...
[2024-12-08 03:45:42] Event Grid Topic이 이미 존재합니다
[2024-12-08 03:45:44] Deadletter 컨테이너가 이미 존재합니다
[2024-12-08 03:45:44] Database Secret 생성 중...
[2024-12-08 03:45:44] MongoDB 설정 중...
[2024-12-08 03:45:45] PostgreSQL 설정 중...
[2024-12-08 03:45:45] 데이터베이스 준비 상태 대기 중...
[2024-12-08 03:50:45] 데이터베이스 준비 완료
[2024-12-08 03:50:45] async 서비스 배포 시작...
[2024-12-08 03:51:38] gateway 서비스 배포 시작...
[2024-12-08 03:52:24] point 서비스 배포 시작...
[2024-12-08 03:53:14] Event Grid Subscriber 설정 중...
[2024-12-08 03:53:17] Error: Event Grid Subscriber 생성 실패 (Exit Code: 2)
[2024-12-08 04:03:19] 환경 변수 설정 완료
[2024-12-08 04:03:19] Azure CLI 로그인 상태 확인 중...
[2024-12-08 04:03:19] ACR pull 권한 확인 중...
[2024-12-08 04:03:22] 공통 리소스 설정 중...
[2024-12-08 04:03:22] Event Grid Topic이 이미 존재합니다
[2024-12-08 04:03:24] Deadletter 컨테이너가 이미 존재합니다
[2024-12-08 04:03:24] Database Secret 생성 중...
[2024-12-08 04:03:24] MongoDB 설정 중...
[2024-12-08 04:03:25] PostgreSQL 설정 중...
[2024-12-08 04:03:25] 데이터베이스 준비 상태 대기 중...
[2024-12-08 04:08:25] 데이터베이스 준비 완료
[2024-12-08 04:08:25] async 서비스 배포 시작...
[2024-12-08 04:09:03] gateway 서비스 배포 시작...
[2024-12-08 04:09:42] point 서비스 배포 시작...
[2024-12-08 04:10:20] Event Grid Subscriber 설정 중...
[2024-12-08 04:12:25] Error: Event Grid Subscriber 생성 실패 (Exit Code: 1)
[2024-12-08 04:15:21] 환경 변수 설정 완료
[2024-12-08 04:15:21] Azure CLI 로그인 상태 확인 중...
[2024-12-08 04:15:21] ACR pull 권한 확인 중...
[2024-12-08 04:15:24] 공통 리소스 설정 중...
[2024-12-08 04:15:25] Event Grid Topic이 이미 존재합니다
[2024-12-08 04:15:27] Deadletter 컨테이너가 이미 존재합니다
[2024-12-08 04:15:27] Database Secret 생성 중...
[2024-12-08 04:15:27] MongoDB 설정 중...
[2024-12-08 04:15:27] PostgreSQL 설정 중...
[2024-12-08 04:15:28] 데이터베이스 준비 상태 대기 중...
[2024-12-08 04:20:28] 데이터베이스 준비 완료
[2024-12-08 04:20:28] async 서비스 배포 시작...
[2024-12-08 04:23:22] Error: async Deployment 준비 실패 (Exit Code: 1)
[2024-12-08 04:25:40] 환경 변수 설정 완료
[2024-12-08 04:25:40] Azure CLI 로그인 상태 확인 중...
[2024-12-08 04:25:41] ACR pull 권한 확인 중...
[2024-12-08 04:31:45] 공통 리소스 설정 중...
[2024-12-08 04:31:46] Event Grid Topic이 이미 존재합니다
[2024-12-08 04:31:49] 환경 변수 설정 완료
[2024-12-08 04:31:49] Azure CLI 로그인 상태 확인 중...
[2024-12-08 04:31:49] ACR pull 권한 확인 중...
[2024-12-08 04:31:54] 공통 리소스 설정 중...
[2024-12-08 04:31:54] Event Grid Topic이 이미 존재합니다
[2024-12-08 04:31:56] Deadletter 컨테이너가 이미 존재합니다
[2024-12-08 04:31:56] Database Secret 생성 중...
[2024-12-08 04:31:56] MongoDB 설정 중...
[2024-12-08 04:31:57] PostgreSQL 설정 중...
[2024-12-08 04:31:57] 데이터베이스 준비 상태 대기 중...
[2024-12-08 04:32:20] 데이터베이스 준비 완료
[2024-12-08 04:32:20] async 서비스 배포 시작...
[2024-12-08 04:32:57] gateway 서비스 배포 시작...
[2024-12-08 04:33:36] point 서비스 배포 시작...
[2024-12-08 04:34:10] Event Grid Subscriber 설정 중...
[2024-12-08 04:36:15] Error: Event Grid Subscriber 생성 실패 (Exit Code: 1)
[2024-12-08 04:38:38] 환경 변수 설정 완료
[2024-12-08 04:38:38] Azure CLI 로그인 상태 확인 중...
[2024-12-08 04:38:38] ACR pull 권한 확인 중...
[2024-12-08 04:38:43] 공통 리소스 설정 중...
[2024-12-08 04:38:44] Event Grid Topic이 이미 존재합니다
[2024-12-08 04:38:45] Deadletter 컨테이너가 이미 존재합니다
[2024-12-08 04:38:45] Database Secret 생성 중...
[2024-12-08 04:38:45] MongoDB 설정 중...
[2024-12-08 04:38:46] PostgreSQL 설정 중...
[2024-12-08 04:38:46] 데이터베이스 준비 상태 대기 중...
[2024-12-08 04:39:13] 데이터베이스 준비 완료
[2024-12-08 04:39:13] async 서비스 배포 시작...
[2024-12-08 04:39:48] gateway 서비스 배포 시작...
[2024-12-08 04:40:28] point 서비스 배포 시작...
[2024-12-08 04:41:02] Event Grid Subscriber 설정 중...
[2024-12-08 04:43:08] Error: Event Grid Subscriber 생성 실패 (Exit Code: 1)
[2024-12-08 04:44:15] 환경 변수 설정 완료
[2024-12-08 04:44:15] Azure CLI 로그인 상태 확인 중...
[2024-12-08 04:44:16] ACR pull 권한 확인 중...
[2024-12-08 04:44:21] 공통 리소스 설정 중...
[2024-12-08 04:44:22] Event Grid Topic이 이미 존재합니다
[2024-12-08 04:44:23] Deadletter 컨테이너가 이미 존재합니다
[2024-12-08 04:44:23] Database Secret 생성 중...
[2024-12-08 04:44:24] MongoDB 설정 중...
[2024-12-08 04:44:24] PostgreSQL 설정 중...
[2024-12-08 04:44:24] 데이터베이스 준비 상태 대기 중...
[2024-12-08 04:44:47] 데이터베이스 준비 완료
[2024-12-08 04:44:47] async 서비스 배포 시작...
[2024-12-08 04:45:26] gateway 서비스 배포 시작...
[2024-12-08 04:46:05] point 서비스 배포 시작...
[2024-12-08 04:46:39] Event Grid Subscriber 설정 중...
[2024-12-08 04:51:02] Error: Event Grid Subscriber 생성 실패 (Exit Code: 1)
[2024-12-08 06:05:47] 환경 변수 설정 완료
[2024-12-08 06:05:47] Azure CLI 로그인 상태 확인 중...
[2024-12-08 06:05:48] ACR pull 권한 확인 중...
[2024-12-08 06:05:53] 공통 리소스 설정 중...
[2024-12-08 06:05:54] Event Grid Topic이 이미 존재합니다
[2024-12-08 06:05:56] Deadletter 컨테이너가 이미 존재합니다
[2024-12-08 06:05:56] Database Secret 생성 중...
[2024-12-08 06:05:56] MongoDB 설정 중...
[2024-12-08 06:05:57] PostgreSQL 설정 중...
[2024-12-08 06:05:57] 데이터베이스 준비 상태 대기 중...
[2024-12-08 06:06:22] 데이터베이스 준비 완료
[2024-12-08 06:06:22] async 서비스 배포 시작...
[2024-12-08 06:07:32] gateway 서비스 배포 시작...
[2024-12-08 06:08:48] point 서비스 배포 시작...
[2024-12-08 06:09:52] Event Grid Subscriber 설정 중...
[2024-12-08 06:11:57] Error: Event Grid Subscriber 생성 실패 (Exit Code: 1)
[2024-12-08 13:16:02] 환경 변수 설정 완료
[2024-12-08 13:16:02] Azure CLI 로그인 상태 확인 중...
[2024-12-08 13:16:03] ACR pull 권한 확인 중...
[2024-12-08 13:16:09] 공통 리소스 설정 중...
[2024-12-08 13:16:10] Gateway Event Grid Topic 생성 중...
[2024-12-08 13:16:45] Async Event Grid Topic 생성 중...
[2024-12-08 13:17:21] Deadletter 컨테이너가 이미 존재합니다
[2024-12-08 13:17:21] Database Secret 생성 중...
[2024-12-08 13:17:21] MongoDB 설정 중...
[2024-12-08 13:17:22] PostgreSQL 설정 중...
[2024-12-08 13:17:22] 데이터베이스 준비 상태 대기 중...
[2024-12-08 13:17:36] 데이터베이스 준비 완료
[2024-12-08 13:17:36] async 서비스 배포 시작...
[2024-12-08 13:17:44] Error: async jar 빌드 실패 (Exit Code: 1)
[2024-12-08 13:22:16] 환경 변수 설정 완료
[2024-12-08 13:22:16] Azure CLI 로그인 상태 확인 중...
[2024-12-08 13:22:17] ACR pull 권한 확인 중...
[2024-12-08 13:22:23] 공통 리소스 설정 중...
[2024-12-08 13:22:24] Gateway Event Grid Topic이 이미 존재합니다
[2024-12-08 13:22:26] Async Event Grid Topic이 이미 존재합니다
[2024-12-08 13:22:29] Deadletter 컨테이너가 이미 존재합니다
[2024-12-08 13:22:29] Database Secret 생성 중...
[2024-12-08 13:22:30] MongoDB 설정 중...
[2024-12-08 13:22:30] PostgreSQL 설정 중...
[2024-12-08 13:22:31] 데이터베이스 준비 상태 대기 중...
[2024-12-08 13:22:52] 데이터베이스 준비 완료
[2024-12-08 13:22:52] async 서비스 배포 시작...
[2024-12-08 13:24:15] Error: async Deployment 준비 실패 (Exit Code: 1)
[2024-12-08 13:34:08] 환경 변수 설정 완료
[2024-12-08 13:34:08] Azure CLI 로그인 상태 확인 중...
[2024-12-08 13:34:08] ACR pull 권한 확인 중...
[2024-12-08 13:34:14] 공통 리소스 설정 중...
[2024-12-08 13:34:14] Gateway Event Grid Topic이 이미 존재합니다
[2024-12-08 13:34:16] Async Event Grid Topic이 이미 존재합니다
[2024-12-08 13:34:20] Deadletter 컨테이너가 이미 존재합니다
[2024-12-08 13:34:20] Database Secret 생성 중...
[2024-12-08 13:34:20] MongoDB 설정 중...
[2024-12-08 13:34:20] PostgreSQL 설정 중...
[2024-12-08 13:34:21] 데이터베이스 준비 상태 대기 중...
[2024-12-08 13:34:46] 데이터베이스 준비 완료
[2024-12-08 13:34:46] async 서비스 배포 시작...
[2024-12-08 13:36:00] gateway 서비스 배포 시작...
[2024-12-08 13:37:25] point 서비스 배포 시작...
[2024-12-08 13:38:43] Event Grid Subscriber 설정 중...
[2024-12-08 13:38:45] Gateway Event Grid Subscription 생성 중...
[2024-12-08 13:40:48] Error: Gateway Event Grid Subscriber 생성 실패 (Exit Code: 1)
[2024-12-08 13:46:58] 환경 변수 설정 완료
[2024-12-08 13:46:58] Azure CLI 로그인 상태 확인 중...
[2024-12-08 13:46:58] ACR pull 권한 확인 중...
[2024-12-08 13:47:04] 공통 리소스 설정 중...
[2024-12-08 13:47:05] Gateway Event Grid Topic이 이미 존재합니다
[2024-12-08 13:47:07] Async Event Grid Topic이 이미 존재합니다
[2024-12-08 13:47:10] Deadletter 컨테이너가 이미 존재합니다
[2024-12-08 13:47:10] Database Secret 생성 중...
[2024-12-08 13:47:10] MongoDB 설정 중...
[2024-12-08 13:47:11] PostgreSQL 설정 중...
[2024-12-08 13:47:11] 데이터베이스 준비 상태 대기 중...
[2024-12-08 13:47:31] 데이터베이스 준비 완료
[2024-12-08 13:47:31] async 서비스 배포 시작...
[2024-12-08 13:48:54] gateway 서비스 배포 시작...
[2024-12-08 13:50:14] point 서비스 배포 시작...
[2024-12-08 13:51:20] Event Grid Subscriber 설정 중...
[2024-12-08 13:51:23] Gateway Event Grid Subscription 생성 중...
[2024-12-08 13:53:25] Error: Gateway Event Grid Subscriber 생성 실패 (Exit Code: 1)
[2024-12-08 13:56:56] 환경 변수 설정 완료
[2024-12-08 13:56:56] Azure CLI 로그인 상태 확인 중...
[2024-12-08 13:56:57] ACR pull 권한 확인 중...
[2024-12-08 13:57:03] 공통 리소스 설정 중...
[2024-12-08 13:57:04] Gateway Event Grid Topic이 이미 존재합니다
[2024-12-08 13:57:06] Async Event Grid Topic이 이미 존재합니다
[2024-12-08 13:57:09] Deadletter 컨테이너가 이미 존재합니다
[2024-12-08 13:57:09] Database Secret 생성 중...
[2024-12-08 13:57:10] MongoDB 설정 중...
[2024-12-08 13:57:10] PostgreSQL 설정 중...
[2024-12-08 13:57:10] 데이터베이스 준비 상태 대기 중...
[2024-12-08 13:57:30] 데이터베이스 준비 완료
[2024-12-08 13:57:31] async 서비스 배포 시작...
[2024-12-08 13:58:42] gateway 서비스 배포 시작...
[2024-12-08 13:59:56] point 서비스 배포 시작...
[2024-12-08 14:00:55] Event Grid Subscriber 설정 중...
[2024-12-08 14:00:57] Gateway Event Grid Subscription 생성 중...
[2024-12-08 14:00:58] Error: Gateway Event Grid Subscriber 생성 실패 (Exit Code: 1)
[2024-12-08 14:03:02] 환경 변수 설정 완료
[2024-12-08 14:03:02] Azure CLI 로그인 상태 확인 중...
[2024-12-08 14:03:03] ACR pull 권한 확인 중...
[2024-12-08 14:03:09] 공통 리소스 설정 중...
[2024-12-08 14:03:10] Gateway Event Grid Topic이 이미 존재합니다
[2024-12-08 14:03:11] Async Event Grid Topic이 이미 존재합니다
[2024-12-08 14:03:14] Deadletter 컨테이너가 이미 존재합니다
[2024-12-08 14:03:14] Database Secret 생성 중...
[2024-12-08 14:03:15] MongoDB 설정 중...
[2024-12-08 14:03:15] PostgreSQL 설정 중...
[2024-12-08 14:03:16] 데이터베이스 준비 상태 대기 중...
[2024-12-08 14:03:37] 데이터베이스 준비 완료
[2024-12-08 14:03:37] async 서비스 배포 시작...
[2024-12-08 14:04:58] gateway 서비스 배포 시작...
[2024-12-08 14:06:08] point 서비스 배포 시작...
[2024-12-08 14:07:07] Event Grid Subscriber 설정 중...
[2024-12-08 14:07:09] Gateway Event Grid Subscription 생성 중...
[2024-12-08 14:09:12] Error: Gateway Event Grid Subscriber 생성 실패 (Exit Code: 1)
[2024-12-08 14:51:02] 환경 변수 설정 완료
[2024-12-08 14:51:02] Azure CLI 로그인 상태 확인 중...
[2024-12-08 14:51:03] ACR pull 권한 확인 중...
[2024-12-08 14:51:09] 공통 리소스 설정 중...
[2024-12-08 14:51:09] Gateway Event Grid Topic이 이미 존재합니다
[2024-12-08 14:51:11] Async Event Grid Topic이 이미 존재합니다
[2024-12-08 14:51:14] Deadletter 컨테이너가 이미 존재합니다
[2024-12-08 14:51:14] Database Secret 생성 중...
[2024-12-08 14:51:14] MongoDB 설정 중...
[2024-12-08 14:51:15] PostgreSQL 설정 중...
[2024-12-08 14:51:15] 데이터베이스 준비 상태 대기 중...
[2024-12-08 14:51:38] 데이터베이스 준비 완료
[2024-12-08 14:51:38] async 서비스 배포 시작...
[2024-12-08 14:52:46] gateway 서비스 배포 시작...
[2024-12-08 14:53:59] point 서비스 배포 시작...
[2024-12-08 14:54:56] Event Grid Subscriber 설정 중...
[2024-12-08 14:54:58] Gateway Event Grid Subscription 생성 중...
[2024-12-08 14:55:30] Error: Gateway Event Grid Subscriber 생성 실패 (Exit Code: 1)
[2024-12-08 15:13:44] 환경 변수 설정 완료
[2024-12-08 15:13:44] Azure CLI 로그인 상태 확인 중...
[2024-12-08 15:13:44] ACR pull 권한 확인 중...
[2024-12-08 15:13:50] 공통 리소스 설정 중...
[2024-12-08 15:13:51] Gateway Event Grid Topic이 이미 존재합니다
[2024-12-08 15:13:53] Async Event Grid Topic이 이미 존재합니다
[2024-12-08 15:13:56] Deadletter 컨테이너가 이미 존재합니다
[2024-12-08 15:13:56] Database Secret 생성 중...
[2024-12-08 15:13:56] MongoDB 설정 중...
[2024-12-08 15:13:57] PostgreSQL 설정 중...
[2024-12-08 15:13:57] 데이터베이스 준비 상태 대기 중...
[2024-12-08 15:14:17] 데이터베이스 준비 완료
[2024-12-08 15:14:17] async 서비스 배포 시작...
[2024-12-08 15:15:26] gateway 서비스 배포 시작...
[2024-12-08 15:16:33] point 서비스 배포 시작...
[2024-12-08 15:17:39] Event Grid Subscriber 설정 중...
[2024-12-08 15:17:42] Gateway Event Grid Subscription 생성 중...
[2024-12-08 15:18:14] Error: Gateway Event Grid Subscriber 생성 실패 (Exit Code: 1)
[2024-12-08 15:29:10] 환경 변수 설정 완료
[2024-12-08 15:29:10] Azure CLI 로그인 상태 확인 중...
[2024-12-08 15:29:10] ACR pull 권한 확인 중...
[2024-12-08 15:29:16] 공통 리소스 설정 중...
[2024-12-08 15:29:17] Gateway Event Grid Topic이 이미 존재합니다
[2024-12-08 15:29:19] Async Event Grid Topic이 이미 존재합니다
[2024-12-08 15:29:23] Deadletter 컨테이너가 이미 존재합니다
[2024-12-08 15:29:23] Database Secret 생성 중...
[2024-12-08 15:29:23] MongoDB 설정 중...
[2024-12-08 15:29:24] PostgreSQL 설정 중...
[2024-12-08 15:29:24] 데이터베이스 준비 상태 대기 중...
[2024-12-08 15:29:46] 데이터베이스 준비 완료
[2024-12-08 15:29:46] async 서비스 배포 시작...
[2024-12-08 15:31:05] gateway 서비스 배포 시작...
[2024-12-08 15:32:11] point 서비스 배포 시작...
[2024-12-08 15:33:08] Event Grid Subscriber 설정 중...
[2024-12-08 15:33:10] Gateway Event Grid Subscription 생성 중...
[2024-12-08 15:33:44] Async Event Grid Subscription 생성 중...
[2024-12-08 15:34:17] === 배포 결과 ===
[2024-12-08 15:34:18] === 서비스 URL ===
[2024-12-08 15:34:18] async Service URL: http://20.249.170.128
[2024-12-08 15:34:18] gateway Service URL: http://4.230.146.255
[2024-12-08 15:34:18] point Service URL: http://4.230.148.213
[2024-12-08 15:34:18] === Event Grid 정보 ===
[2024-12-08 15:34:18] Gateway Topic: ondal-resilience-gateway-topic
[2024-12-08 15:34:18] Async Topic: ondal-resilience-async-topic
[2024-12-08 15:34:18] Event Grid Subscription Endpoint: https://ondal.4.217.249.140.nip.io/api/events/point
[2024-12-08 15:34:18] 모든 리소스가 성공적으로 생성되었습니다.
[2024-12-08 15:46:45] 환경 변수 설정 완료
[2024-12-08 15:46:45] Azure CLI 로그인 상태 확인 중...
[2024-12-08 15:46:46] ACR pull 권한 확인 중...
[2024-12-08 15:46:52] 공통 리소스 설정 중...
[2024-12-08 15:46:53] Gateway Event Grid Topic이 이미 존재합니다
[2024-12-08 15:46:54] Async Event Grid Topic이 이미 존재합니다
[2024-12-08 15:46:58] Deadletter 컨테이너가 이미 존재합니다
[2024-12-08 15:46:58] Database Secret 생성 중...
[2024-12-08 15:46:58] MongoDB 설정 중...
[2024-12-08 15:46:59] PostgreSQL 설정 중...
[2024-12-08 15:46:59] 데이터베이스 준비 상태 대기 중...
[2024-12-08 15:47:17] 데이터베이스 준비 완료
[2024-12-08 15:47:17] async 서비스 배포 시작...
[2024-12-08 15:48:23] gateway 서비스 배포 시작...
[2024-12-08 15:49:32] point 서비스 배포 시작...
[2024-12-08 15:50:31] Event Grid Subscriber 설정 중...
[2024-12-08 15:50:33] Event Grid Subscription 생성 중...
[2024-12-08 15:51:05] Error: Event Grid Subscriber 생성 실패 (Exit Code: 1)
[2024-12-08 16:25:57] 환경 변수 설정 완료
[2024-12-08 16:25:57] Azure CLI 로그인 상태 확인 중...
[2024-12-08 16:25:57] ACR pull 권한 확인 중...
[2024-12-08 16:26:16] 환경 변수 설정 완료
[2024-12-08 16:26:16] Azure CLI 로그인 상태 확인 중...
[2024-12-08 16:26:16] ACR pull 권한 확인 중...
[2024-12-08 16:26:21] 공통 리소스 설정 중...
[2024-12-08 16:26:21] Gateway Event Grid Topic이 이미 존재합니다
[2024-12-08 16:26:23] Async Event Grid Topic이 이미 존재합니다
[2024-12-08 16:26:26] Deadletter 컨테이너가 이미 존재합니다
[2024-12-08 16:26:26] Database Secret 생성 중...
[2024-12-08 16:26:27] MongoDB 설정 중...
[2024-12-08 16:26:28] PostgreSQL 설정 중...
[2024-12-08 16:26:28] 데이터베이스 준비 상태 대기 중...
[2024-12-08 16:26:42] 데이터베이스 준비 완료
[2024-12-08 16:26:42] async 서비스 배포 시작...
[2024-12-08 16:27:50] gateway 서비스 배포 시작...
[2024-12-08 16:28:57] point 서비스 배포 시작...
[2024-12-08 16:29:53] Event Grid Subscriber 설정 중...
[2024-12-08 16:29:55] Event Grid Subscription 생성 중...
[2024-12-08 16:30:27] Error: Event Grid Subscriber 생성 실패 (Exit Code: 1)
[2024-12-08 16:34:01] 환경 변수 설정 완료
[2024-12-08 16:34:01] Azure CLI 로그인 상태 확인 중...
[2024-12-08 16:34:01] ACR pull 권한 확인 중...
[2024-12-08 16:34:07] 공통 리소스 설정 중...
[2024-12-08 16:34:08] Gateway Event Grid Topic이 이미 존재합니다
[2024-12-08 16:34:10] Async Event Grid Topic이 이미 존재합니다
[2024-12-08 16:34:13] Deadletter 컨테이너가 이미 존재합니다
[2024-12-08 16:34:13] Database Secret 생성 중...
[2024-12-08 16:34:13] MongoDB 설정 중...
[2024-12-08 16:34:14] PostgreSQL 설정 중...
[2024-12-08 16:34:14] 데이터베이스 준비 상태 대기 중...
[2024-12-08 16:34:39] 데이터베이스 준비 완료
[2024-12-08 16:34:39] async 서비스 배포 시작...
[2024-12-08 16:35:48] gateway 서비스 배포 시작...
[2024-12-08 16:36:52] point 서비스 배포 시작...
[2024-12-08 16:37:51] Event Grid Subscriber 설정 중...
[2024-12-08 16:37:54] Event Grid Subscription 생성 중...
[2024-12-08 16:38:26] === 배포 결과 ===
[2024-12-08 16:38:27] === 서비스 URL ===
[2024-12-08 16:38:27] async Service URL: http://20.249.170.128
[2024-12-08 16:38:27] gateway Service URL: http://4.230.146.255
[2024-12-08 16:38:27] point Service URL: http://4.230.148.213
[2024-12-08 16:38:27] === Event Grid 정보 ===
[2024-12-08 16:38:27] Gateway Topic: ondal-resilience-gateway-topic
[2024-12-08 16:38:27] Async Topic: ondal-resilience-async-topic
[2024-12-08 16:38:27] Event Grid Subscription Endpoint: https://ondal.4.217.249.140.nip.io/api/events/point
[2024-12-08 16:38:27] 모든 리소스가 성공적으로 생성되었습니다.
[2024-12-08 16:52:07] 환경 변수 설정 완료
[2024-12-08 16:52:07] Azure CLI 로그인 상태 확인 중...
[2024-12-08 16:52:07] ACR pull 권한 확인 중...
[2024-12-08 16:52:13] 공통 리소스 설정 중...
[2024-12-08 16:52:14] Gateway Event Grid Topic이 이미 존재합니다
[2024-12-08 16:52:16] Async Event Grid Topic이 이미 존재합니다
[2024-12-08 16:52:19] Deadletter 컨테이너가 이미 존재합니다
[2024-12-08 16:52:19] Database Secret 생성 중...
[2024-12-08 16:52:19] MongoDB 설정 중...
[2024-12-08 16:52:20] PostgreSQL 설정 중...
[2024-12-08 16:52:20] 데이터베이스 준비 상태 대기 중...
[2024-12-08 16:52:36] 데이터베이스 준비 완료
[2024-12-08 16:52:36] async 서비스 배포 시작...
[2024-12-08 16:53:46] gateway 서비스 배포 시작...
[2024-12-08 16:55:07] point 서비스 배포 시작...
[2024-12-08 16:56:09] Event Grid Subscriber 설정 중...
[2024-12-08 16:56:11] Event Grid Subscription 생성 중...
[2024-12-08 16:56:44] === 배포 결과 ===
[2024-12-08 16:56:44] === 서비스 URL ===
[2024-12-08 16:56:45] async Service URL: http://20.249.170.128
[2024-12-08 16:56:45] gateway Service URL: http://4.230.146.255
[2024-12-08 16:56:45] point Service URL: http://4.230.148.213
[2024-12-08 16:56:45] === Event Grid 정보 ===
[2024-12-08 16:56:45] Gateway Topic: ondal-resilience-gateway-topic
[2024-12-08 16:56:45] Async Topic: ondal-resilience-async-topic
[2024-12-08 16:56:45] Event Grid Subscription Endpoint: https://ondal.4.217.249.140.nip.io/api/events/point
[2024-12-08 16:56:45] 모든 리소스가 성공적으로 생성되었습니다.
[2024-12-08 17:18:26] 환경 변수 설정 완료
[2024-12-08 17:18:26] Azure CLI 로그인 상태 확인 중...
[2024-12-08 17:18:27] ACR pull 권한 확인 중...
[2024-12-08 17:18:32] 공통 리소스 설정 중...
[2024-12-08 17:18:33] Gateway Event Grid Topic이 이미 존재합니다
[2024-12-08 17:18:35] Async Event Grid Topic이 이미 존재합니다
[2024-12-08 17:18:38] Deadletter 컨테이너가 이미 존재합니다
[2024-12-08 17:18:38] Database Secret 생성 중...
[2024-12-08 17:18:38] MongoDB 설정 중...
[2024-12-08 17:18:39] PostgreSQL 설정 중...
[2024-12-08 17:18:39] 데이터베이스 준비 상태 대기 중...
[2024-12-08 17:18:56] 데이터베이스 준비 완료
[2024-12-08 17:18:56] async 서비스 배포 시작...
[2024-12-08 17:20:02] gateway 서비스 배포 시작...
[2024-12-08 17:21:09] point 서비스 배포 시작...
[2024-12-08 17:22:05] Event Grid Subscriber 설정 중...
[2024-12-08 17:22:07] Event Grid Subscription 생성 중...
[2024-12-08 17:22:40] === 배포 결과 ===
[2024-12-08 17:22:40] === 서비스 URL ===
[2024-12-08 17:22:40] async Service URL: http://20.249.170.128
[2024-12-08 17:22:40] gateway Service URL: http://4.230.146.255
[2024-12-08 17:22:40] point Service URL: http://4.230.148.213
[2024-12-08 17:22:41] === Event Grid 정보 ===
[2024-12-08 17:22:41] Gateway Topic: ondal-resilience-gateway-topic
[2024-12-08 17:22:41] Async Topic: ondal-resilience-async-topic
[2024-12-08 17:22:41] Event Grid Subscription Endpoint: https://ondal.4.217.249.140.nip.io/api/events/point
[2024-12-08 17:22:41] 모든 리소스가 성공적으로 생성되었습니다.
[2024-12-08 17:24:40] 환경 변수 설정 완료
[2024-12-08 17:24:40] Azure CLI 로그인 상태 확인 중...
[2024-12-08 17:24:40] ACR pull 권한 확인 중...
[2024-12-08 17:24:45] 공통 리소스 설정 중...
[2024-12-08 17:24:45] Gateway Event Grid Topic이 이미 존재합니다
[2024-12-08 17:24:47] Async Event Grid Topic이 이미 존재합니다
[2024-12-08 17:24:50] Deadletter 컨테이너가 이미 존재합니다
[2024-12-08 17:24:50] Database Secret 생성 중...
[2024-12-08 17:24:50] MongoDB 설정 중...
[2024-12-08 17:24:51] PostgreSQL 설정 중...
[2024-12-08 17:24:51] 데이터베이스 준비 상태 대기 중...
[2024-12-08 17:25:09] 데이터베이스 준비 완료
[2024-12-08 17:25:09] async 서비스 배포 시작...
[2024-12-08 17:26:20] gateway 서비스 배포 시작...
[2024-12-08 17:27:30] point 서비스 배포 시작...
[2024-12-08 17:28:42] Event Grid Subscriber 설정 중...
[2024-12-08 17:28:44] Event Grid Subscription 생성 중...
[2024-12-08 17:29:16] === 배포 결과 ===
[2024-12-08 17:29:16] === 서비스 URL ===
[2024-12-08 17:29:17] async Service URL: http://20.249.170.128
[2024-12-08 17:29:17] gateway Service URL: http://4.230.146.255
[2024-12-08 17:29:17] point Service URL: http://4.230.148.213
[2024-12-08 17:29:17] === Event Grid 정보 ===
[2024-12-08 17:29:17] Gateway Topic: ondal-resilience-gateway-topic
[2024-12-08 17:29:17] Async Topic: ondal-resilience-async-topic
[2024-12-08 17:29:17] Event Grid Subscription Endpoint: https://ondal.4.217.249.140.nip.io/api/events/point
[2024-12-08 17:29:17] 모든 리소스가 성공적으로 생성되었습니다.
[2024-12-08 17:35:04] 환경 변수 설정 완료
[2024-12-08 17:35:04] Azure CLI 로그인 상태 확인 중...
[2024-12-08 17:35:04] ACR pull 권한 확인 중...
[2024-12-08 17:35:10] 공통 리소스 설정 중...
[2024-12-08 17:35:11] Gateway Event Grid Topic이 이미 존재합니다
[2024-12-08 17:35:13] Async Event Grid Topic이 이미 존재합니다
[2024-12-08 17:35:16] Deadletter 컨테이너가 이미 존재합니다
[2024-12-08 17:35:16] Database Secret 생성 중...
[2024-12-08 17:35:16] MongoDB 설정 중...
[2024-12-08 17:35:17] PostgreSQL 설정 중...
[2024-12-08 17:35:17] 데이터베이스 준비 상태 대기 중...
[2024-12-08 17:35:34] 데이터베이스 준비 완료
[2024-12-08 17:35:34] async 서비스 배포 시작...
[2024-12-08 17:36:40] gateway 서비스 배포 시작...
[2024-12-08 17:37:47] point 서비스 배포 시작...
[2024-12-08 17:38:45] Event Grid Subscriber 설정 중...
[2024-12-08 17:38:47] Event Grid Subscription 생성 중...
[2024-12-08 17:48:52] Error: Event Grid Subscriber 생성 실패 (Exit Code: 1)
[2024-12-08 17:52:29] 환경 변수 설정 완료
[2024-12-08 17:52:29] Azure CLI 로그인 상태 확인 중...
[2024-12-08 17:52:30] ACR pull 권한 확인 중...
[2024-12-08 17:52:36] 공통 리소스 설정 중...
[2024-12-08 17:52:37] Gateway Event Grid Topic이 이미 존재합니다
[2024-12-08 17:52:39] Async Event Grid Topic이 이미 존재합니다
[2024-12-08 17:52:42] Deadletter 컨테이너가 이미 존재합니다
[2024-12-08 17:52:42] Database Secret 생성 중...
[2024-12-08 17:52:42] MongoDB 설정 중...
[2024-12-08 17:52:43] PostgreSQL 설정 중...
[2024-12-08 17:52:43] 데이터베이스 준비 상태 대기 중...
[2024-12-08 17:53:09] 데이터베이스 준비 완료
[2024-12-08 17:53:09] async 서비스 배포 시작...
[2024-12-08 17:54:18] gateway 서비스 배포 시작...
[2024-12-08 17:55:25] point 서비스 배포 시작...
[2024-12-08 17:56:22] Event Grid Subscriber 설정 중...
[2024-12-08 17:56:25] Event Grid Subscription 생성 중...
[2024-12-08 17:56:57] === 배포 결과 ===
[2024-12-08 17:56:57] === 서비스 URL ===
[2024-12-08 17:56:58] async Service URL: http://20.249.170.128
[2024-12-08 17:56:58] gateway Service URL: http://4.230.146.255
[2024-12-08 17:56:58] point Service URL: http://4.230.148.213
[2024-12-08 17:56:58] === Event Grid 정보 ===
[2024-12-08 17:56:58] Gateway Topic: ondal-resilience-gateway-topic
[2024-12-08 17:56:58] Async Topic: ondal-resilience-async-topic
[2024-12-08 17:56:58] Event Grid Subscription Endpoint: https://ondal.4.217.249.140.nip.io/api/events/point
[2024-12-08 17:56:58] 모든 리소스가 성공적으로 생성되었습니다.
[2024-12-08 18:00:50] 환경 변수 설정 완료
[2024-12-08 18:00:50] Azure CLI 로그인 상태 확인 중...
[2024-12-08 18:00:50] ACR pull 권한 확인 중...
[2024-12-08 18:00:57] 공통 리소스 설정 중...
[2024-12-08 18:00:57] Gateway Event Grid Topic이 이미 존재합니다
[2024-12-08 18:00:59] Async Event Grid Topic이 이미 존재합니다
[2024-12-08 18:01:02] Deadletter 컨테이너가 이미 존재합니다
[2024-12-08 18:01:02] Database Secret 생성 중...
[2024-12-08 18:01:02] MongoDB 설정 중...
[2024-12-08 18:01:03] PostgreSQL 설정 중...
[2024-12-08 18:01:03] 데이터베이스 준비 상태 대기 중...
[2024-12-08 18:01:27] 데이터베이스 준비 완료
[2024-12-08 18:01:27] async 서비스 배포 시작...
[2024-12-08 18:02:32] gateway 서비스 배포 시작...
[2024-12-08 18:03:38] point 서비스 배포 시작...
[2024-12-08 18:04:35] Event Grid Subscriber 설정 중...
[2024-12-08 18:04:38] Event Grid Subscription 생성 중...
[2024-12-08 18:05:10] === 배포 결과 ===
[2024-12-08 18:05:11] === 서비스 URL ===
[2024-12-08 18:05:11] async Service URL: http://20.249.170.128
[2024-12-08 18:05:11] gateway Service URL: http://4.230.146.255
[2024-12-08 18:05:11] point Service URL: http://4.230.148.213
[2024-12-08 18:05:11] === Event Grid 정보 ===
[2024-12-08 18:05:11] Gateway Topic: ondal-resilience-gateway-topic
[2024-12-08 18:05:11] Async Topic: ondal-resilience-async-topic
[2024-12-08 18:05:11] Event Grid Subscription Endpoint: https://ondal.4.217.249.140.nip.io/api/events/point
[2024-12-08 18:05:11] 모든 리소스가 성공적으로 생성되었습니다.
[2024-12-08 18:13:10] 환경 변수 설정 완료
[2024-12-08 18:13:10] Azure CLI 로그인 상태 확인 중...
[2024-12-08 18:13:11] ACR pull 권한 확인 중...
[2024-12-08 18:13:17] 공통 리소스 설정 중...
[2024-12-08 18:13:18] Gateway Event Grid Topic이 이미 존재합니다
[2024-12-08 18:13:19] Async Event Grid Topic이 이미 존재합니다
[2024-12-08 18:13:22] Deadletter 컨테이너가 이미 존재합니다
[2024-12-08 18:13:22] Database Secret 생성 중...
[2024-12-08 18:13:23] MongoDB 설정 중...
[2024-12-08 18:13:23] PostgreSQL 설정 중...
[2024-12-08 18:13:23] 데이터베이스 준비 상태 대기 중...
[2024-12-08 18:13:39] 데이터베이스 준비 완료
[2024-12-08 18:13:39] async 서비스 배포 시작...
[2024-12-08 18:14:47] gateway 서비스 배포 시작...
[2024-12-08 18:15:58] point 서비스 배포 시작...
[2024-12-08 18:16:58] Event Grid Subscriber 설정 중...
[2024-12-08 18:17:01] Event Grid Subscription 생성 중...
[2024-12-08 18:17:33] === 배포 결과 ===
[2024-12-08 18:17:34] === 서비스 URL ===
[2024-12-08 18:17:34] async Service URL: http://20.249.170.128
[2024-12-08 18:17:34] gateway Service URL: http://4.230.146.255
[2024-12-08 18:17:34] point Service URL: http://4.230.148.213
[2024-12-08 18:17:34] === Event Grid 정보 ===
[2024-12-08 18:17:34] Gateway Topic: ondal-resilience-gateway-topic
[2024-12-08 18:17:34] Async Topic: ondal-resilience-async-topic
[2024-12-08 18:17:34] Event Grid Subscription Endpoint: https://ondal.4.217.249.140.nip.io/api/events/point
[2024-12-08 18:17:34] 모든 리소스가 성공적으로 생성되었습니다.
[2024-12-08 18:21:05] 환경 변수 설정 완료
[2024-12-08 18:21:05] Azure CLI 로그인 상태 확인 중...
[2024-12-08 18:21:05] ACR pull 권한 확인 중...
[2024-12-08 18:21:11] 공통 리소스 설정 중...
[2024-12-08 18:21:12] Gateway Event Grid Topic이 이미 존재합니다
[2024-12-08 18:21:13] Async Event Grid Topic이 이미 존재합니다
[2024-12-08 18:21:16] Deadletter 컨테이너가 이미 존재합니다
[2024-12-08 18:21:16] Database Secret 생성 중...
[2024-12-08 18:21:17] MongoDB 설정 중...
[2024-12-08 18:21:17] PostgreSQL 설정 중...
[2024-12-08 18:21:17] 데이터베이스 준비 상태 대기 중...
[2024-12-08 18:21:40] 데이터베이스 준비 완료
[2024-12-08 18:21:40] async 서비스 배포 시작...
[2024-12-08 18:22:47] gateway 서비스 배포 시작...
[2024-12-08 18:23:54] point 서비스 배포 시작...
[2024-12-08 18:24:53] Event Grid Subscriber 설정 중...
[2024-12-08 18:24:55] Event Grid Subscription 생성 중...
[2024-12-08 18:25:27] === 배포 결과 ===
[2024-12-08 18:25:28] === 서비스 URL ===
[2024-12-08 18:25:28] async Service URL: http://20.249.170.128
[2024-12-08 18:25:28] gateway Service URL: http://4.230.146.255
[2024-12-08 18:25:28] point Service URL: http://4.230.148.213
[2024-12-08 18:25:28] === Event Grid 정보 ===
[2024-12-08 18:25:28] Gateway Topic: ondal-resilience-gateway-topic
[2024-12-08 18:25:28] Async Topic: ondal-resilience-async-topic
[2024-12-08 18:25:28] Event Grid Subscription Endpoint: https://ondal.4.217.249.140.nip.io/api/events/point
[2024-12-08 18:25:28] 모든 리소스가 성공적으로 생성되었습니다.
[2024-12-08 18:28:37] 환경 변수 설정 완료
[2024-12-08 18:28:37] Azure CLI 로그인 상태 확인 중...
[2024-12-08 18:28:37] ACR pull 권한 확인 중...
[2024-12-08 18:28:43] 공통 리소스 설정 중...
[2024-12-08 18:28:44] Gateway Event Grid Topic이 이미 존재합니다
[2024-12-08 18:28:46] Async Event Grid Topic이 이미 존재합니다
[2024-12-08 18:28:48] Deadletter 컨테이너가 이미 존재합니다
[2024-12-08 18:28:48] Database Secret 생성 중...
[2024-12-08 18:28:49] MongoDB 설정 중...
[2024-12-08 18:28:49] PostgreSQL 설정 중...
[2024-12-08 18:28:50] 데이터베이스 준비 상태 대기 중...
[2024-12-08 18:29:12] 데이터베이스 준비 완료
[2024-12-08 18:29:12] async 서비스 배포 시작...
[2024-12-08 18:30:17] gateway 서비스 배포 시작...
[2024-12-08 18:31:25] point 서비스 배포 시작...
[2024-12-08 18:32:28] Event Grid Subscriber 설정 중...
[2024-12-08 18:32:30] Event Grid Subscription 생성 중...
[2024-12-08 18:33:02] === 배포 결과 ===
[2024-12-08 18:33:02] === 서비스 URL ===
[2024-12-08 18:33:02] async Service URL: http://20.249.170.128
[2024-12-08 18:33:02] gateway Service URL: http://4.230.146.255
[2024-12-08 18:33:03] point Service URL: http://4.230.148.213
[2024-12-08 18:33:03] === Event Grid 정보 ===
[2024-12-08 18:33:03] Gateway Topic: ondal-resilience-gateway-topic
[2024-12-08 18:33:03] Async Topic: ondal-resilience-async-topic
[2024-12-08 18:33:03] Event Grid Subscription Endpoint: https://ondal.4.217.249.140.nip.io/api/events/point
[2024-12-08 18:33:03] 모든 리소스가 성공적으로 생성되었습니다.
[2024-12-08 19:40:21] 환경 변수 설정 완료
[2024-12-08 19:40:21] Azure CLI 로그인 상태 확인 중...
[2024-12-08 19:40:22] ACR pull 권한 확인 중...
[2024-12-08 19:40:28] 공통 리소스 설정 중...
[2024-12-08 19:40:29] Gateway Event Grid Topic이 이미 존재합니다
[2024-12-08 19:40:31] Async Event Grid Topic이 이미 존재합니다
[2024-12-08 19:40:34] Deadletter 컨테이너가 이미 존재합니다
[2024-12-08 19:40:34] Database Secret 생성 중...
[2024-12-08 19:40:34] MongoDB 설정 중...
[2024-12-08 19:40:34] PostgreSQL 설정 중...
[2024-12-08 19:40:35] 데이터베이스 준비 상태 대기 중...
[2024-12-08 19:41:01] 데이터베이스 준비 완료
[2024-12-08 19:41:01] async 서비스 배포 시작...
[2024-12-08 19:46:53] Error: async Deployment 준비 실패 (Exit Code: 1)
[2024-12-08 19:47:30] 환경 변수 설정 완료
[2024-12-08 19:47:30] Azure CLI 로그인 상태 확인 중...
[2024-12-08 19:47:30] ACR pull 권한 확인 중...
[2024-12-08 19:47:36] 공통 리소스 설정 중...
[2024-12-08 19:47:37] Gateway Event Grid Topic이 이미 존재합니다
[2024-12-08 19:47:39] Async Event Grid Topic이 이미 존재합니다
[2024-12-08 19:47:43] Deadletter 컨테이너가 이미 존재합니다
[2024-12-08 19:47:43] Database Secret 생성 중...
[2024-12-08 19:47:43] MongoDB 설정 중...
[2024-12-08 19:47:43] PostgreSQL 설정 중...
[2024-12-08 19:47:44] 데이터베이스 준비 상태 대기 중...
[2024-12-08 19:48:00] 데이터베이스 준비 완료
[2024-12-08 19:48:00] async 서비스 배포 시작...
[2024-12-08 19:49:08] gateway 서비스 배포 시작...
[2024-12-08 19:50:18] point 서비스 배포 시작...
[2024-12-08 19:51:20] Event Grid Subscriber 설정 중...
[2024-12-08 19:51:23] Event Grid Subscription 생성 중...
[2024-12-08 19:51:55] === 배포 결과 ===
[2024-12-08 19:51:56] === 서비스 URL ===
[2024-12-08 19:51:56] async Service URL: http://20.249.170.128
[2024-12-08 19:51:56] gateway Service URL: http://4.230.146.255
[2024-12-08 19:51:56] point Service URL: http://4.230.148.213
[2024-12-08 19:51:56] === Event Grid 정보 ===
[2024-12-08 19:51:56] Gateway Topic: ondal-resilience-gateway-topic
[2024-12-08 19:51:56] Async Topic: ondal-resilience-async-topic
[2024-12-08 19:51:56] Event Grid Subscription Endpoint: https://ondal.4.217.249.140.nip.io/api/events/point
[2024-12-08 19:51:56] 모든 리소스가 성공적으로 생성되었습니다.
[2024-12-08 19:55:31] 환경 변수 설정 완료
[2024-12-08 19:55:31] Azure CLI 로그인 상태 확인 중...
[2024-12-08 19:55:31] ACR pull 권한 확인 중...
[2024-12-08 19:55:37] 공통 리소스 설정 중...
[2024-12-08 19:55:38] Gateway Event Grid Topic이 이미 존재합니다
[2024-12-08 19:55:40] Async Event Grid Topic이 이미 존재합니다
[2024-12-08 19:55:43] Deadletter 컨테이너가 이미 존재합니다
[2024-12-08 19:55:43] Database Secret 생성 중...
[2024-12-08 19:55:43] MongoDB 설정 중...
[2024-12-08 19:55:44] PostgreSQL 설정 중...
[2024-12-08 19:55:44] 데이터베이스 준비 상태 대기 중...
[2024-12-08 19:56:06] 데이터베이스 준비 완료
[2024-12-08 19:56:06] async 서비스 배포 시작...
[2024-12-08 19:57:16] gateway 서비스 배포 시작...
[2024-12-08 19:58:29] point 서비스 배포 시작...
[2024-12-08 19:59:31] Event Grid Subscriber 설정 중...
[2024-12-08 19:59:33] Event Grid Subscription 생성 중...
[2024-12-08 20:00:05] === 배포 결과 ===
[2024-12-08 20:00:06] === 서비스 URL ===
[2024-12-08 20:00:06] async Service URL: http://20.249.170.128
[2024-12-08 20:00:06] gateway Service URL: http://4.230.146.255
[2024-12-08 20:00:06] point Service URL: http://4.230.148.213
[2024-12-08 20:00:06] === Event Grid 정보 ===
[2024-12-08 20:00:06] Gateway Topic: ondal-resilience-gateway-topic
[2024-12-08 20:00:06] Async Topic: ondal-resilience-async-topic
[2024-12-08 20:00:06] Event Grid Subscription Endpoint: https://ondal.4.217.249.140.nip.io/api/events/point
[2024-12-08 20:00:06] 모든 리소스가 성공적으로 생성되었습니다.
[2024-12-08 20:38:41] 환경 변수 설정 완료
[2024-12-08 20:38:41] Azure CLI 로그인 상태 확인 중...
[2024-12-08 20:38:41] ACR pull 권한 확인 중...
[2024-12-08 20:38:48] 공통 리소스 설정 중...
[2024-12-08 20:38:49] Gateway Event Grid Topic이 이미 존재합니다
[2024-12-08 20:38:51] Async Event Grid Topic이 이미 존재합니다
[2024-12-08 20:38:54] Deadletter 컨테이너가 이미 존재합니다
[2024-12-08 20:38:54] Database Secret 생성 중...
[2024-12-08 20:38:54] MongoDB 설정 중...
[2024-12-08 20:38:55] PostgreSQL 설정 중...
[2024-12-08 20:38:55] 데이터베이스 준비 상태 대기 중...
[2024-12-08 20:39:13] 데이터베이스 준비 완료
[2024-12-08 20:39:13] async 서비스 배포 시작...
[2024-12-08 20:40:27] gateway 서비스 배포 시작...
[2024-12-08 20:41:40] point 서비스 배포 시작...
[2024-12-08 20:42:43] Event Grid Subscriber 설정 중...
[2024-12-08 20:42:46] Event Grid Subscription이 이미 존재합니다
[2024-12-08 20:42:46] === 배포 결과 ===
[2024-12-08 20:42:46] === 서비스 URL ===
[2024-12-08 20:42:46] async Service URL: http://20.249.170.128
[2024-12-08 20:42:46] gateway Service URL: http://4.230.146.255
[2024-12-08 20:42:46] point Service URL: http://4.230.148.213
[2024-12-08 20:42:46] === Event Grid 정보 ===
[2024-12-08 20:42:46] Gateway Topic: ondal-resilience-gateway-topic
[2024-12-08 20:42:46] Async Topic: ondal-resilience-async-topic
[2024-12-08 20:42:46] Event Grid Subscription Endpoint: https://ondal.4.217.249.140.nip.io/api/events/point
[2024-12-08 20:42:46] 모든 리소스가 성공적으로 생성되었습니다.
[2024-12-08 21:01:52] 환경 변수 설정 완료
[2024-12-08 21:01:52] Azure CLI 로그인 상태 확인 중...
[2024-12-08 21:01:52] ACR pull 권한 확인 중...
[2024-12-08 21:01:59] 공통 리소스 설정 중...
[2024-12-08 21:02:00] Gateway Event Grid Topic이 이미 존재합니다
[2024-12-08 21:02:01] Async Event Grid Topic이 이미 존재합니다
[2024-12-08 21:02:04] Deadletter 컨테이너가 이미 존재합니다
[2024-12-08 21:02:04] Database Secret 생성 중...
[2024-12-08 21:02:05] MongoDB 설정 중...
[2024-12-08 21:02:05] PostgreSQL 설정 중...
[2024-12-08 21:02:06] 데이터베이스 준비 상태 대기 중...
[2024-12-08 21:02:30] 데이터베이스 준비 완료
[2024-12-08 21:02:30] async 서비스 배포 시작...
[2024-12-08 21:03:42] gateway 서비스 배포 시작...
[2024-12-08 21:04:51] point 서비스 배포 시작...
[2024-12-08 21:05:50] Event Grid Subscriber 설정 중...
[2024-12-08 21:05:52] Event Grid Subscription이 이미 존재합니다
[2024-12-08 21:05:52] === 배포 결과 ===
[2024-12-08 21:05:52] === 서비스 URL ===
[2024-12-08 21:05:52] async Service URL: http://20.249.170.128
[2024-12-08 21:05:52] gateway Service URL: http://4.230.146.255
[2024-12-08 21:05:53] point Service URL: http://4.230.148.213
[2024-12-08 21:05:53] === Event Grid 정보 ===
[2024-12-08 21:05:53] Gateway Topic: ondal-resilience-gateway-topic
[2024-12-08 21:05:53] Async Topic: ondal-resilience-async-topic
[2024-12-08 21:05:53] Event Grid Subscription Endpoint: https://ondal.4.217.249.140.nip.io/api/events/point
[2024-12-08 21:05:53] 모든 리소스가 성공적으로 생성되었습니다.
[2024-12-08 21:09:06] 환경 변수 설정 완료
[2024-12-08 21:09:06] Azure CLI 로그인 상태 확인 중...
[2024-12-08 21:09:07] ACR pull 권한 확인 중...
[2024-12-08 21:09:13] 공통 리소스 설정 중...
[2024-12-08 21:09:14] Gateway Event Grid Topic이 이미 존재합니다
[2024-12-08 21:09:16] Async Event Grid Topic이 이미 존재합니다
[2024-12-08 21:09:19] Deadletter 컨테이너가 이미 존재합니다
[2024-12-08 21:09:19] Database Secret 생성 중...
[2024-12-08 21:09:19] MongoDB 설정 중...
[2024-12-08 21:09:20] PostgreSQL 설정 중...
[2024-12-08 21:09:20] 데이터베이스 준비 상태 대기 중...
[2024-12-08 21:09:36] 데이터베이스 준비 완료
[2024-12-08 21:09:36] async 서비스 배포 시작...
[2024-12-08 21:10:46] gateway 서비스 배포 시작...
[2024-12-08 21:11:55] point 서비스 배포 시작...
[2024-12-08 21:13:02] Event Grid Subscriber 설정 중...
[2024-12-08 21:13:04] Event Grid Subscription이 이미 존재합니다
[2024-12-08 21:13:04] === 배포 결과 ===
[2024-12-08 21:13:04] === 서비스 URL ===
[2024-12-08 21:13:04] async Service URL: http://20.249.170.128
[2024-12-08 21:13:05] gateway Service URL: http://4.230.146.255
[2024-12-08 21:13:05] point Service URL: http://4.230.148.213
[2024-12-08 21:13:05] === Event Grid 정보 ===
[2024-12-08 21:13:05] Gateway Topic: ondal-resilience-gateway-topic
[2024-12-08 21:13:05] Async Topic: ondal-resilience-async-topic
[2024-12-08 21:13:05] Event Grid Subscription Endpoint: https://ondal.4.217.249.140.nip.io/api/events/point
[2024-12-08 21:13:05] 모든 리소스가 성공적으로 생성되었습니다.
[2024-12-08 22:24:12] 환경 변수 설정 완료
[2024-12-08 22:24:12] Azure CLI 로그인 상태 확인 중...
[2024-12-08 22:24:13] ACR pull 권한 확인 중...
[2024-12-08 22:24:19] 공통 리소스 설정 중...
[2024-12-08 22:24:20] Gateway Event Grid Topic이 이미 존재합니다
[2024-12-08 22:24:22] Async Event Grid Topic이 이미 존재합니다
[2024-12-08 22:24:25] Deadletter 컨테이너가 이미 존재합니다
[2024-12-08 22:24:25] Database Secret 생성 중...
[2024-12-08 22:24:26] MongoDB 설정 중...
[2024-12-08 22:24:26] PostgreSQL 설정 중...
[2024-12-08 22:24:26] 데이터베이스 준비 상태 대기 중...
[2024-12-08 22:24:46] 데이터베이스 준비 완료
[2024-12-08 22:24:46] async 서비스 배포 시작...
[2024-12-08 22:25:54] gateway 서비스 배포 시작...
[2024-12-08 22:27:08] point 서비스 배포 시작...
[2024-12-08 22:28:07] Event Grid Subscriber 설정 중...
[2024-12-08 22:28:09] Event Grid Subscription이 이미 존재합니다
[2024-12-08 22:28:09] === 배포 결과 ===
[2024-12-08 22:28:10] === 서비스 URL ===
[2024-12-08 22:28:10] async Service URL: http://20.249.170.128
[2024-12-08 22:28:10] gateway Service URL: http://4.230.146.255
[2024-12-08 22:28:10] point Service URL: http://4.230.148.213
[2024-12-08 22:28:10] === Event Grid 정보 ===
[2024-12-08 22:28:10] Gateway Topic: ondal-resilience-gateway-topic
[2024-12-08 22:28:10] Async Topic: ondal-resilience-async-topic
[2024-12-08 22:28:10] Event Grid Subscription Endpoint: https://ondal.4.217.249.140.nip.io/api/events/point
[2024-12-08 22:28:10] 모든 리소스가 성공적으로 생성되었습니다.
[2024-12-08 22:39:22] 환경 변수 설정 완료
[2024-12-08 22:39:22] Azure CLI 로그인 상태 확인 중...
[2024-12-08 22:39:23] ACR pull 권한 확인 중...
[2024-12-08 22:39:29] 공통 리소스 설정 중...
[2024-12-08 22:39:29] Gateway Event Grid Topic이 이미 존재합니다
[2024-12-08 22:39:31] Async Event Grid Topic이 이미 존재합니다
[2024-12-08 22:39:34] Deadletter 컨테이너가 이미 존재합니다
[2024-12-08 22:39:34] Database Secret 생성 중...
[2024-12-08 22:39:35] MongoDB 설정 중...
[2024-12-08 22:39:35] PostgreSQL 설정 중...
[2024-12-08 22:39:35] 데이터베이스 준비 상태 대기 중...
[2024-12-08 22:40:02] 데이터베이스 준비 완료
[2024-12-08 22:40:02] async 서비스 배포 시작...
[2024-12-08 22:41:13] gateway 서비스 배포 시작...
[2024-12-08 22:42:21] point 서비스 배포 시작...
[2024-12-08 22:43:26] Event Grid Subscriber 설정 중...
[2024-12-08 22:43:28] Event Grid Subscription이 이미 존재합니다
[2024-12-08 22:43:28] === 배포 결과 ===
[2024-12-08 22:43:29] === 서비스 URL ===
[2024-12-08 22:43:29] async Service URL: http://20.249.170.128
[2024-12-08 22:43:29] gateway Service URL: http://4.230.146.255
[2024-12-08 22:43:29] point Service URL: http://4.230.148.213
[2024-12-08 22:43:29] === Event Grid 정보 ===
[2024-12-08 22:43:29] Gateway Topic: ondal-resilience-gateway-topic
[2024-12-08 22:43:29] Async Topic: ondal-resilience-async-topic
[2024-12-08 22:43:29] Event Grid Subscription Endpoint: https://ondal.4.217.249.140.nip.io/api/events/point
[2024-12-08 22:43:29] 모든 리소스가 성공적으로 생성되었습니다.
[2024-12-08 22:50:04] 환경 변수 설정 완료
[2024-12-08 22:50:05] Azure CLI 로그인 상태 확인 중...
[2024-12-08 22:50:05] ACR pull 권한 확인 중...
[2024-12-08 22:50:11] 공통 리소스 설정 중...
[2024-12-08 22:50:11] Gateway Event Grid Topic이 이미 존재합니다
[2024-12-08 22:50:13] Async Event Grid Topic이 이미 존재합니다
[2024-12-08 22:50:17] Deadletter 컨테이너가 이미 존재합니다
[2024-12-08 22:50:17] Database Secret 생성 중...
[2024-12-08 22:50:17] MongoDB 설정 중...
[2024-12-08 22:50:18] PostgreSQL 설정 중...
[2024-12-08 22:50:18] 데이터베이스 준비 상태 대기 중...
[2024-12-08 22:50:37] 데이터베이스 준비 완료
[2024-12-08 22:50:37] async 서비스 배포 시작...
[2024-12-08 22:51:51] gateway 서비스 배포 시작...
[2024-12-08 22:53:04] point 서비스 배포 시작...
[2024-12-08 22:54:03] Event Grid Subscriber 설정 중...
[2024-12-08 22:54:06] Event Grid Subscription이 이미 존재합니다
[2024-12-08 22:54:06] === 배포 결과 ===
[2024-12-08 22:54:06] === 서비스 URL ===
[2024-12-08 22:54:06] async Service URL: http://20.249.170.128
[2024-12-08 22:54:06] gateway Service URL: http://4.230.146.255
[2024-12-08 22:54:06] point Service URL: http://4.230.148.213
[2024-12-08 22:54:06] === Event Grid 정보 ===
[2024-12-08 22:54:07] Gateway Topic: ondal-resilience-gateway-topic
[2024-12-08 22:54:07] Async Topic: ondal-resilience-async-topic
[2024-12-08 22:54:07] Event Grid Subscription Endpoint: https://ondal.4.217.249.140.nip.io/api/events/point
[2024-12-08 22:54:07] 모든 리소스가 성공적으로 생성되었습니다.
